<?xml version="1.0" encoding="UTF-8"?>
<!-- Generated by org.testng.reporters.JUnitXMLReporter -->
<testsuite ignored="1" hostname="DESKTOP-JUB2OKU" failures="0" tests="1" name="Default test" time="2.318" errors="0" timestamp="2025-12-24T10:04:30 IST">
  <testcase classname="com.api.tests.MasterAPITest" name="InvalidTokenMasterAPI" time="2.255"/>
  <testcase classname="com.api.tests.MasterAPITest" name="masterAPITest" time="0.0">
    <ignored/>
  </testcase> <!-- masterAPITest -->
</testsuite> <!-- Default test -->
