<?xml version="1.0" encoding="UTF-8"?>
<testng-results ignored="0" total="1" passed="1" failed="0" skipped="0">
  <reporter-output>
  </reporter-output>
  <suite started-at="2025-12-16T09:33:24 IST" name="Default suite" finished-at="2025-12-16T09:33:27 IST" duration-ms="2767">
    <groups>
    </groups>
    <test started-at="2025-12-16T09:33:24 IST" name="Default test" finished-at="2025-12-16T09:33:27 IST" duration-ms="2767">
      <class name="com.api.tests.UserDetailsAPITest">
        <test-method signature="UserDetailsAPITest()[pri:0, instance:com.api.tests.UserDetailsAPITest@18078bef]" started-at="2025-12-16T09:33:24 IST" name="UserDetailsAPITest" finished-at="2025-12-16T09:33:27 IST" duration-ms="2706" status="PASS">
          <reporter-output>
          </reporter-output>
        </test-method> <!-- UserDetailsAPITest -->
      </class> <!-- com.api.tests.UserDetailsAPITest -->
    </test> <!-- Default test -->
  </suite> <!-- Default suite -->
</testng-results>
