<?xml version="1.0" encoding="UTF-8"?>
<testng-results ignored="1" total="2" passed="1" failed="0" skipped="0">
  <reporter-output>
  </reporter-output>
  <suite started-at="2025-12-24T10:04:28 IST" name="Default suite" finished-at="2025-12-24T10:04:30 IST" duration-ms="2318">
    <groups>
    </groups>
    <test started-at="2025-12-24T10:04:28 IST" name="Default test" finished-at="2025-12-24T10:04:30 IST" duration-ms="2318">
      <class name="com.api.tests.MasterAPITest">
        <test-method signature="InvalidTokenMasterAPI()[pri:0, instance:com.api.tests.MasterAPITest@273444fe]" started-at="2025-12-24T10:04:28 IST" name="InvalidTokenMasterAPI" finished-at="2025-12-24T10:04:30 IST" duration-ms="2255" status="PASS">
          <reporter-output>
          </reporter-output>
        </test-method> <!-- InvalidTokenMasterAPI -->
      </class> <!-- com.api.tests.MasterAPITest -->
    </test> <!-- Default test -->
  </suite> <!-- Default suite -->
</testng-results>
