<?xml version="1.0" encoding="UTF-8"?>
<!-- Generated by org.testng.reporters.JUnitReportReporter -->
<testsuite hostname="DESKTOP-JUB2OKU" failures="0" tests="2" name="com.api.tests.MasterAPITest" time="7.251" errors="0" timestamp="2025-12-24T11:33:16 IST" skipped="0">
  <testcase classname="com.api.tests.MasterAPITest" name="InvalidTokenMasterAPI" time="3.911"/>
  <testcase classname="com.api.tests.MasterAPITest" name="masterAPITest" time="3.340"/>
</testsuite> <!-- com.api.tests.MasterAPITest -->
